*** Using Compiler 'V5.06 update 5 (build 528)', folder: 'D:\keil5\keil5_MDK\keil5_MDK_32\ARM\ARMCC\Bin'
Rebuild target 'IIC_Test'
compiling bmi088.c...
assembling startup_stm32f407xx.s...
compiling bmi08a.c...
compiling bmi08g.c...
compiling stm32f4xx_hal_msp.c...
compiling stm32f4xx_hal_i2c_ex.c...
compiling usart.c...
compiling gpio.c...
compiling stm32f4xx_it.c...
compiling tim.c...
compiling position.c...
..\BMI088\position.c(103): warning:  #550-D: variable "speed_xyz_drift"  was set but never used
      static Vector3 speed_xyz_drift;
..\BMI088\position.c: 1 warning, 0 errors
compiling imu.c...
..\BMI088\imu.c(111): warning:  #1035-D: single-precision operand implicitly converted to double-precision
      c = 1.0 + 2.0 * cosf(
_PI_F / 4.0) * ohm + ohm * ohm;
..\BMI088\imu.c(121): warning:  #1035-D: single-precision operand implicitly converted to double-precision
          My_Filter._a21 = (1.0 - 2.0 * cosf(
_PI_F / 4.0) * ohm + ohm * ohm) / c;
..\BMI088\imu.c: 2 warnings, 0 errors
compiling i2c.c...
compiling stm32f4xx_hal_rcc.c...
compiling main.c...
compiling stm32f4xx_hal_i2c.c...
compiling stm32f4xx_hal_flash_ex.c...
compiling stm32f4xx_hal_pwr.c...
compiling stm32f4xx_hal_flash_ramfunc.c...
compiling stm32f4xx_hal_pwr_ex.c...
compiling stm32f4xx_hal_cortex.c...
compiling stm32f4xx_hal.c...
compiling stm32f4xx_hal_flash.c...
compiling stm32f4xx_hal_rcc_ex.c...
compiling stm32f4xx_hal_gpio.c...
compiling stm32f4xx_hal_dma_ex.c...
compiling stm32f4xx_hal_dma.c...
compiling stm32f4xx_hal_exti.c...
compiling system_stm32f4xx.c...
compiling stm32f4xx_hal_tim_ex.c...
compiling stm32f4xx_hal_uart.c...
compiling stm32f4xx_hal_tim.c...
linking...
Program Size: Code=21732 RO-data=780 RW-data=192 ZI-data=2192  
FromELF: creating hex file...
"IIC_Test\IIC_Test.axf" - 0 Error(s), 3 Warning(s).
Build Time Elapsed:  00:00:08
